[2023-06-04T00:00:59.887] [TRACE] things - Server started. Listening on *:4002
[2023-06-04T00:01:02.745] [TRACE] things - PUT: serviceSchedule.js Datos: [object Object]
[2023-06-04T00:01:02.764] [TRACE] things - Error al guardar los cambios:
[2023-06-04T00:02:01.342] [TRACE] things - Server started. Listening on *:4002
[2023-06-04T00:02:50.332] [TRACE] things - Server started. Listening on *:4002
[2023-06-04T00:02:52.456] [TRACE] things - PUT: serviceSchedule.js Datos: [object Object]
[2023-06-04T00:04:23.815] [TRACE] things - Server started. Listening on *:4002
[2023-06-04T00:04:25.900] [TRACE] things - PUT: serviceSchedule.js Datos: [object Object]
[2023-06-04T00:04:26.678] [TRACE] things - Server started. Listening on *:4002
[2023-06-04T00:04:31.466] [TRACE] things - PUT: serviceSchedule.js Datos: [object Object]
[2023-06-04T00:04:32.314] [TRACE] things - Server started. Listening on *:4002
[2023-06-04T00:05:11.478] [TRACE] things - Server started. Listening on *:4002
[2023-06-04T00:05:13.990] [TRACE] things - PUT: serviceSchedule.js Datos: [object Object]
[2023-06-04T00:05:14.736] [TRACE] things - Server started. Listening on *:4002
[2023-06-04T00:06:34.170] [TRACE] things - Server started. Listening on *:4002
[2023-06-04T00:06:36.689] [TRACE] things - Server started. Listening on *:4002
[2023-06-04T00:06:38.529] [TRACE] things - PUT: serviceSchedule.js Datos: [object Object]
[2023-06-04T00:06:39.264] [TRACE] things - Server started. Listening on *:4002
[2023-06-04T00:07:00.441] [TRACE] things - Server started. Listening on *:4002
[2023-06-04T00:07:02.907] [TRACE] things - PUT: serviceSchedule.js Datos: [object Object]
[2023-06-04T00:07:03.821] [TRACE] things - Server started. Listening on *:4002
[2023-06-04T00:08:21.234] [TRACE] things - Server started. Listening on *:4002
[2023-06-04T00:08:22.773] [TRACE] things - PUT: serviceSchedule.js Datos: [object Object]
[2023-06-04T00:08:23.527] [TRACE] things - Server started. Listening on *:4002
[2023-06-04T00:08:42.033] [TRACE] things - Server started. Listening on *:4002
[2023-06-04T00:08:48.926] [TRACE] things - Server started. Listening on *:4002
[2023-06-04T00:08:50.833] [TRACE] things - PUT: serviceSchedule.js Datos: [object Object]
[2023-06-04T00:08:51.588] [TRACE] things - Server started. Listening on *:4002
[2023-06-04T00:09:03.791] [TRACE] things - Server started. Listening on *:4002
[2023-06-04T00:10:02.366] [TRACE] things - Server started. Listening on *:4002
[2023-06-04T00:10:05.890] [TRACE] things - PUT: serviceSchedule.js Datos: [object Object]
[2023-06-04T00:10:06.640] [TRACE] things - Server started. Listening on *:4002
[2023-06-04T00:10:20.053] [TRACE] things - Server started. Listening on *:4002
[2023-06-04T00:10:21.660] [TRACE] things - PUT: serviceSchedule.js Datos: [object Object]
[2023-06-04T00:10:22.409] [TRACE] things - Server started. Listening on *:4002
[2023-06-04T00:12:26.307] [TRACE] things - Server started. Listening on *:4002
[2023-06-04T00:12:29.378] [TRACE] things - PUT: serviceSchedule.js Datos: [object Object]
[2023-06-04T00:12:29.384] [TRACE] things - Schedule modificado correctamente
[2023-06-04T00:12:30.229] [TRACE] things - Server started. Listening on *:4002
[2023-06-04T00:12:58.151] [TRACE] things - PUT: serviceSchedule.js Datos: [object Object]
[2023-06-04T00:12:58.155] [TRACE] things - Schedule modificado correctamente
[2023-06-04T00:12:59.174] [TRACE] things - Server started. Listening on *:4002
[2023-06-04T00:16:15.520] [TRACE] things - Server started. Listening on *:4002
[2023-06-04T00:16:33.063] [TRACE] things - Server started. Listening on *:4002
[2023-06-04T00:16:58.011] [TRACE] things - Server started. Listening on *:4002
[2023-06-04T00:18:31.119] [TRACE] things - Server started. Listening on *:4002
[2023-06-04T00:18:38.109] [TRACE] things - GET: serviceSchedule.js
[2023-06-04T00:19:20.388] [TRACE] things - Server started. Listening on *:4002
[2023-06-04T00:19:24.416] [TRACE] things - Server started. Listening on *:4002
[2023-06-04T00:19:42.222] [TRACE] things - Server started. Listening on *:4002
[2023-06-04T00:19:43.504] [TRACE] things - GET: serviceSchedule.js
[2023-06-04T00:20:06.933] [TRACE] things - Server started. Listening on *:4002
[2023-06-04T00:20:08.496] [TRACE] things - GET: serviceSchedule.js
[2023-06-04T00:20:28.218] [TRACE] things - Server started. Listening on *:4002
[2023-06-04T00:22:49.163] [TRACE] things - Server started. Listening on *:4002
[2023-06-04T00:23:27.575] [TRACE] things - PUT: serviceSchedule.js Datos: [object Object]
[2023-06-04T00:23:28.383] [TRACE] things - Server started. Listening on *:4002
[2023-06-04T00:24:02.077] [TRACE] things - Timbre en modo ruido
[2023-06-04T00:25:00.469] [TRACE] things - Timbre en modo silencio
[2023-06-04T00:26:21.833] [TRACE] things - PUT: serviceSchedule.js Datos: [object Object]
[2023-06-04T00:26:21.836] [TRACE] things - Schedule modificado correctamente
[2023-06-04T00:26:22.609] [TRACE] things - Server started. Listening on *:4002
[2023-06-04T00:31:24.897] [TRACE] things - GET: serviceIndex.js
[2023-06-04T00:31:59.271] [TRACE] things - Server started. Listening on *:4002
[2023-06-04T00:32:10.060] [TRACE] things - GET: serviceBell.js
